# JRE version: Java(TM) SE Runtime Environment (8.0_151-b12) (build 1.8.0_151-b12)
# Java VM: Java HotSpot(TM) 64-Bit Server VM (25.151-b12 mixed mode windows-amd64 compressed oops)
Heap:
 PSYoungGen      total 928768K, used 464384K [0x000000076af80000, 0x00000007c0000000, 0x00000007c0000000)
  eden space 464384K, 100% used [0x000000076af80000,0x0000000787500000,0x0000000787500000)
  from space 464384K, 0% used [0x00000007a3a80000,0x00000007a3a80000,0x00000007c0000000)
  to   space 464384K, 0% used [0x0000000787500000,0x0000000787500000,0x00000007a3a80000)
 ParOldGen       total 2786816K, used 2786533K [0x00000006c0e00000, 0x000000076af80000, 0x000000076af80000)
  object space 2786816K, 99% used [0x00000006c0e00000,0x000000076af39468,0x000000076af80000)
 Metaspace       used 25601K, capacity 26920K, committed 27184K, reserved 1073152K
  class space    used 3549K, capacity 3814K, committed 3888K, reserved 1048576K
GC Heap History (10 events):
Event: 93.880 GC heap before
{Heap before GC invocations=167 (full 142):
 PSYoungGen      total 928768K, used 464384K [0x000000076af80000, 0x00000007c0000000, 0x00000007c0000000)
  eden space 464384K, 100% used [0x000000076af80000,0x0000000787500000,0x0000000787500000)
  from space 464384K, 0% used [0x00000007a3a80000,0x00000007a3a80000,0x00000007c0000000)
  to   space 464384K, 0% used [0x0000000787500000,0x0000000787500000,0x00000007a3a80000)
 ParOldGen       total 2786816K, used 2786514K [0x00000006c0e00000, 0x000000076af80000, 0x000000076af80000)
  object space 2786816K, 99% used [0x00000006c0e00000,0x000000076af34958,0x000000076af80000)
 Metaspace       used 25601K, capacity 26920K, committed 27184K, reserved 1073152K
  class space    used 3549K, capacity 3814K, committed 3888K, reserved 1048576K
Event: 94.391 GC heap after
Heap after GC invocations=167 (full 142):
 PSYoungGen      total 928768K, used 464345K [0x000000076af80000, 0x00000007c0000000, 0x00000007c0000000)
  eden space 464384K, 99% used [0x000000076af80000,0x00000007874f6728,0x0000000787500000)
  from space 464384K, 0% used [0x00000007a3a80000,0x00000007a3a80000,0x00000007c0000000)
  to   space 464384K, 0% used [0x0000000787500000,0x0000000787500000,0x00000007a3a80000)
 ParOldGen       total 2786816K, used 2786514K [0x00000006c0e00000, 0x000000076af80000, 0x000000076af80000)
  object space 2786816K, 99% used [0x00000006c0e00000,0x000000076af34938,0x000000076af80000)
 Metaspace       used 25601K, capacity 26920K, committed 27184K, reserved 1073152K
  class space    used 3549K, capacity 3814K, committed 3888K, reserved 1048576K
}
Event: 94.412 GC heap before
{Heap before GC invocations=168 (full 143):
 PSYoungGen      total 928768K, used 464383K [0x000000076af80000, 0x00000007c0000000, 0x00000007c0000000)
  eden space 464384K, 99% used [0x000000076af80000,0x00000007874fffa8,0x0000000787500000)
  from space 464384K, 0% used [0x00000007a3a80000,0x00000007a3a80000,0x00000007c0000000)
  to   space 464384K, 0% used [0x0000000787500000,0x0000000787500000,0x00000007a3a80000)
 ParOldGen       total 2786816K, used 2786514K [0x00000006c0e00000, 0x000000076af80000, 0x000000076af80000)
  object space 2786816K, 99% used [0x00000006c0e00000,0x000000076af34938,0x000000076af80000)
 Metaspace       used 25601K, capacity 26920K, committed 27184K, reserved 1073152K
  class space    used 3549K, capacity 3814K, committed 3888K, reserved 1048576K
Event: 94.543 GC heap after
Heap after GC invocations=168 (full 143):
 PSYoungGen      total 928768K, used 464347K [0x000000076af80000, 0x00000007c0000000, 0x00000007c0000000)
  eden space 464384K, 99% used [0x000000076af80000,0x00000007874f6e58,0x0000000787500000)
  from space 464384K, 0% used [0x00000007a3a80000,0x00000007a3a80000,0x00000007c0000000)
  to   space 464384K, 0% used [0x0000000787500000,0x0000000787500000,0x00000007a3a80000)
 ParOldGen       total 2786816K, used 2786514K [0x00000006c0e00000, 0x000000076af80000, 0x000000076af80000)
  object space 2786816K, 99% used [0x00000006c0e00000,0x000000076af34938,0x000000076af80000)
 Metaspace       used 25601K, capacity 26920K, committed 27184K, reserved 1073152K
  class space    used 3549K, capacity 3814K, committed 3888K, reserved 1048576K
}
Event: 94.553 GC heap before
{Heap before GC invocations=169 (full 144):
 PSYoungGen      total 928768K, used 464384K [0x000000076af80000, 0x00000007c0000000, 0x00000007c0000000)
  eden space 464384K, 100% used [0x000000076af80000,0x0000000787500000,0x0000000787500000)
  from space 464384K, 0% used [0x00000007a3a80000,0x00000007a3a80000,0x00000007c0000000)
  to   space 464384K, 0% used [0x0000000787500000,0x0000000787500000,0x00000007a3a80000)
 ParOldGen       total 2786816K, used 2786514K [0x00000006c0e00000, 0x000000076af80000, 0x000000076af80000)
  object space 2786816K, 99% used [0x00000006c0e00000,0x000000076af34938,0x000000076af80000)
 Metaspace       used 25601K, capacity 26920K, committed 27184K, reserved 1073152K
  class space    used 3549K, capacity 3814K, committed 3888K, reserved 1048576K
Event: 94.672 GC heap after
Heap after GC invocations=169 (full 144):
 PSYoungGen      total 928768K, used 464356K [0x000000076af80000, 0x00000007c0000000, 0x00000007c0000000)
  eden space 464384K, 99% used [0x000000076af80000,0x00000007874f9098,0x0000000787500000)
  from space 464384K, 0% used [0x00000007a3a80000,0x00000007a3a80000,0x00000007c0000000)
  to   space 464384K, 0% used [0x0000000787500000,0x0000000787500000,0x00000007a3a80000)
 ParOldGen       total 2786816K, used 2786514K [0x00000006c0e00000, 0x000000076af80000, 0x000000076af80000)
  object space 2786816K, 99% used [0x00000006c0e00000,0x000000076af34938,0x000000076af80000)
 Metaspace       used 25601K, capacity 26920K, committed 27184K, reserved 1073152K
  class space    used 3549K, capacity 3814K, committed 3888K, reserved 1048576K
}
Event: 94.675 GC heap before
{Heap before GC invocations=170 (full 145):
 PSYoungGen      total 928768K, used 464384K [0x000000076af80000, 0x00000007c0000000, 0x00000007c0000000)
  eden space 464384K, 100% used [0x000000076af80000,0x0000000787500000,0x0000000787500000)
  from space 464384K, 0% used [0x00000007a3a80000,0x00000007a3a80000,0x00000007c0000000)
  to   space 464384K, 0% used [0x0000000787500000,0x0000000787500000,0x00000007a3a80000)
 ParOldGen       total 2786816K, used 2786514K [0x00000006c0e00000, 0x000000076af80000, 0x000000076af80000)
  object space 2786816K, 99% used [0x00000006c0e00000,0x000000076af34938,0x000000076af80000)
 Metaspace       used 25601K, capacity 26920K, committed 27184K, reserved 1073152K
  class space    used 3549K, capacity 3814K, committed 3888K, reserved 1048576K
Event: 94.793 GC heap after
Heap after GC invocations=170 (full 145):
 PSYoungGen      total 928768K, used 464377K [0x000000076af80000, 0x00000007c0000000, 0x00000007c0000000)
  eden space 464384K, 99% used [0x000000076af80000,0x00000007874fe480,0x0000000787500000)
  from space 464384K, 0% used [0x00000007a3a80000,0x00000007a3a80000,0x00000007c0000000)
  to   space 464384K, 0% used [0x0000000787500000,0x0000000787500000,0x00000007a3a80000)
 ParOldGen       total 2786816K, used 2786514K [0x00000006c0e00000, 0x000000076af80000, 0x000000076af80000)
  object space 2786816K, 99% used [0x00000006c0e00000,0x000000076af34938,0x000000076af80000)
 Metaspace       used 25601K, capacity 26920K, committed 27184K, reserved 1073152K
  class space    used 3549K, capacity 3814K, committed 3888K, reserved 1048576K
}
Event: 94.796 GC heap before
{Heap before GC invocations=171 (full 146):
 PSYoungGen      total 928768K, used 464384K [0x000000076af80000, 0x00000007c0000000, 0x00000007c0000000)
  eden space 464384K, 100% used [0x000000076af80000,0x0000000787500000,0x0000000787500000)
  from space 464384K, 0% used [0x00000007a3a80000,0x00000007a3a80000,0x00000007c0000000)
  to   space 464384K, 0% used [0x0000000787500000,0x0000000787500000,0x00000007a3a80000)
 ParOldGen       total 2786816K, used 2786533K [0x00000006c0e00000, 0x000000076af80000, 0x000000076af80000)
  object space 2786816K, 99% used [0x00000006c0e00000,0x000000076af395b8,0x000000076af80000)
 Metaspace       used 25601K, capacity 26920K, committed 27184K, reserved 1073152K
  class space    used 3549K, capacity 3814K, committed 3888K, reserved 1048576K
Event: 94.899 GC heap after
Heap after GC invocations=171 (full 146):
 PSYoungGen      total 928768K, used 464377K [0x000000076af80000, 0x00000007c0000000, 0x00000007c0000000)
  eden space 464384K, 99% used [0x000000076af80000,0x00000007874fe720,0x0000000787500000)
  from space 464384K, 0% used [0x00000007a3a80000,0x00000007a3a80000,0x00000007c0000000)
  to   space 464384K, 0% used [0x0000000787500000,0x0000000787500000,0x00000007a3a80000)
 ParOldGen       total 2786816K, used 2786533K [0x00000006c0e00000, 0x000000076af80000, 0x000000076af80000)
  object space 2786816K, 99% used [0x00000006c0e00000,0x000000076af39468,0x000000076af80000)
 Metaspace       used 25601K, capacity 26920K, committed 27184K, reserved 1073152K
  class space    used 3549K, capacity 3814K, committed 3888K, reserved 1048576K
}

